0 info it worked if it ends with ok
1 verbose cli [ 'C:/A/N/node.exe',
1 verbose cli   'C:\\A\\node_modules\\npm\\bin\\npm-cli.js',
1 verbose cli   '-i',
1 verbose cli   'publish',
1 verbose cli   'C:\\A\\B\\2\\9\\Ax\\20\\' ]
2 info using npm@1.4.3
3 info using node@v0.10.29
4 verbose node symlink C:/A/N/node.exe
5 verbose publish [ 'C:\\A\\B\\2\\9\\Ax\\20\\' ]
6 verbose cache add [ 'C:\\A\\B\\2\\9\\Ax\\20\\', null ]
7 verbose cache add name=undefined spec="C:\\A\\B\\2\\9\\Ax\\20\\" args=["C:\\A\\B\\2\\9\\Ax\\20\\",null]
8 verbose parsed url { protocol: 'c:',
8 verbose parsed url   slashes: null,
8 verbose parsed url   auth: null,
8 verbose parsed url   host: '',
8 verbose parsed url   port: null,
8 verbose parsed url   hostname: '',
8 verbose parsed url   hash: null,
8 verbose parsed url   search: null,
8 verbose parsed url   query: null,
8 verbose parsed url   pathname: '/A/B/2/9/Ax/20/',
8 verbose parsed url   path: '/A/B/2/9/Ax/20/',
8 verbose parsed url   href: 'c:/A/B/2/9/Ax/20/' }
9 silly lockFile 8c20930f-C-A-B-2-9-Ax-20 C:\A\B\2\9\Ax\20\
10 verbose lock C:\A\B\2\9\Ax\20\ C:\A\F\NPM\npm-cache\8c20930f-C-A-B-2-9-Ax-20.lock
11 verbose tar pack [ 'C:\\Users\\ADMINI~1\\AppData\\Local\\Temp\\npm-6112-thrip6Eo\\1405237147942-0.6113692943472415\\tmp.tgz',
11 verbose tar pack   'C:\\A\\B\\2\\9\\Ax\\20\\' ]
12 verbose tarball C:\Users\ADMINI~1\AppData\Local\Temp\npm-6112-thrip6Eo\1405237147942-0.6113692943472415\tmp.tgz
13 verbose folder C:\A\B\2\9\Ax\20\
14 info prepublish govpack@0.0.1
15 silly lockFile 23571f89-tar-C-A-B-2-9-Ax-20 tar://C:\A\B\2\9\Ax\20\
16 verbose lock tar://C:\A\B\2\9\Ax\20\ C:\A\F\NPM\npm-cache\23571f89-tar-C-A-B-2-9-Ax-20.lock
17 silly lockFile 34bf2af1-47942-0-6113692943472415-tmp-tgz tar://C:\Users\ADMINI~1\AppData\Local\Temp\npm-6112-thrip6Eo\1405237147942-0.6113692943472415\tmp.tgz
18 verbose lock tar://C:\Users\ADMINI~1\AppData\Local\Temp\npm-6112-thrip6Eo\1405237147942-0.6113692943472415\tmp.tgz C:\A\F\NPM\npm-cache\34bf2af1-47942-0-6113692943472415-tmp-tgz.lock
19 silly lockFile 23571f89-tar-C-A-B-2-9-Ax-20 tar://C:\A\B\2\9\Ax\20\
20 silly lockFile 23571f89-tar-C-A-B-2-9-Ax-20 tar://C:\A\B\2\9\Ax\20\
21 silly lockFile 34bf2af1-47942-0-6113692943472415-tmp-tgz tar://C:\Users\ADMINI~1\AppData\Local\Temp\npm-6112-thrip6Eo\1405237147942-0.6113692943472415\tmp.tgz
22 silly lockFile 34bf2af1-47942-0-6113692943472415-tmp-tgz tar://C:\Users\ADMINI~1\AppData\Local\Temp\npm-6112-thrip6Eo\1405237147942-0.6113692943472415\tmp.tgz
23 verbose tar unpack C:\Users\ADMINI~1\AppData\Local\Temp\npm-6112-thrip6Eo\1405237147942-0.6113692943472415\tmp.tgz
24 silly lockFile 5cb5d2e5-47942-0-6113692943472415-package tar://C:\Users\ADMINI~1\AppData\Local\Temp\npm-6112-thrip6Eo\1405237147942-0.6113692943472415\package
25 verbose lock tar://C:\Users\ADMINI~1\AppData\Local\Temp\npm-6112-thrip6Eo\1405237147942-0.6113692943472415\package C:\A\F\NPM\npm-cache\5cb5d2e5-47942-0-6113692943472415-package.lock
26 silly lockFile 34bf2af1-47942-0-6113692943472415-tmp-tgz tar://C:\Users\ADMINI~1\AppData\Local\Temp\npm-6112-thrip6Eo\1405237147942-0.6113692943472415\tmp.tgz
27 verbose lock tar://C:\Users\ADMINI~1\AppData\Local\Temp\npm-6112-thrip6Eo\1405237147942-0.6113692943472415\tmp.tgz C:\A\F\NPM\npm-cache\34bf2af1-47942-0-6113692943472415-tmp-tgz.lock
28 silly gunzTarPerm modes [ '755', '644' ]
29 silly gunzTarPerm extractEntry package.json
30 silly gunzTarPerm modified mode [ 'package.json', 438, 420 ]
31 silly gunzTarPerm extractEntry .npmignore
32 silly gunzTarPerm modified mode [ '.npmignore', 438, 420 ]
33 silly gunzTarPerm extractEntry 1.js
34 silly gunzTarPerm modified mode [ '1.js', 438, 420 ]
35 silly gunzTarPerm extractEntry 2.js
36 silly gunzTarPerm modified mode [ '2.js', 438, 420 ]
37 silly gunzTarPerm extractEntry 0.js
38 silly gunzTarPerm modified mode [ '0.js', 438, 420 ]
39 silly gunzTarPerm extractEntry index.js
40 silly gunzTarPerm modified mode [ 'index.js', 438, 420 ]
41 silly gunzTarPerm extractEntry a.htm
42 silly gunzTarPerm modified mode [ 'a.htm', 438, 420 ]
43 silly gunzTarPerm extractEntry b.ico
44 silly gunzTarPerm modified mode [ 'b.ico', 438, 420 ]
45 silly gunzTarPerm extractEntry 0.txt
46 silly gunzTarPerm modified mode [ '0.txt', 438, 420 ]
47 silly gunzTarPerm extractEntry readme.md
48 silly gunzTarPerm modified mode [ 'readme.md', 438, 420 ]
49 silly lockFile 5cb5d2e5-47942-0-6113692943472415-package tar://C:\Users\ADMINI~1\AppData\Local\Temp\npm-6112-thrip6Eo\1405237147942-0.6113692943472415\package
50 silly lockFile 5cb5d2e5-47942-0-6113692943472415-package tar://C:\Users\ADMINI~1\AppData\Local\Temp\npm-6112-thrip6Eo\1405237147942-0.6113692943472415\package
51 silly lockFile 34bf2af1-47942-0-6113692943472415-tmp-tgz tar://C:\Users\ADMINI~1\AppData\Local\Temp\npm-6112-thrip6Eo\1405237147942-0.6113692943472415\tmp.tgz
52 silly lockFile 34bf2af1-47942-0-6113692943472415-tmp-tgz tar://C:\Users\ADMINI~1\AppData\Local\Temp\npm-6112-thrip6Eo\1405237147942-0.6113692943472415\tmp.tgz
53 verbose tar pack [ 'C:\\A\\F\\NPM\\npm-cache\\govpack\\0.0.1\\package.tgz',
53 verbose tar pack   'C:\\Users\\ADMINI~1\\AppData\\Local\\Temp\\npm-6112-thrip6Eo\\1405237147942-0.6113692943472415\\package' ]
54 verbose tarball C:\A\F\NPM\npm-cache\govpack\0.0.1\package.tgz
55 verbose folder C:\Users\ADMINI~1\AppData\Local\Temp\npm-6112-thrip6Eo\1405237147942-0.6113692943472415\package
56 silly lockFile 5cb5d2e5-47942-0-6113692943472415-package tar://C:\Users\ADMINI~1\AppData\Local\Temp\npm-6112-thrip6Eo\1405237147942-0.6113692943472415\package
57 verbose lock tar://C:\Users\ADMINI~1\AppData\Local\Temp\npm-6112-thrip6Eo\1405237147942-0.6113692943472415\package C:\A\F\NPM\npm-cache\5cb5d2e5-47942-0-6113692943472415-package.lock
58 silly lockFile 63b0475e--cache-govpack-0-0-1-package-tgz tar://C:\A\F\NPM\npm-cache\govpack\0.0.1\package.tgz
59 verbose lock tar://C:\A\F\NPM\npm-cache\govpack\0.0.1\package.tgz C:\A\F\NPM\npm-cache\63b0475e--cache-govpack-0-0-1-package-tgz.lock
60 silly lockFile 5cb5d2e5-47942-0-6113692943472415-package tar://C:\Users\ADMINI~1\AppData\Local\Temp\npm-6112-thrip6Eo\1405237147942-0.6113692943472415\package
61 silly lockFile 5cb5d2e5-47942-0-6113692943472415-package tar://C:\Users\ADMINI~1\AppData\Local\Temp\npm-6112-thrip6Eo\1405237147942-0.6113692943472415\package
62 silly lockFile 63b0475e--cache-govpack-0-0-1-package-tgz tar://C:\A\F\NPM\npm-cache\govpack\0.0.1\package.tgz
63 silly lockFile 63b0475e--cache-govpack-0-0-1-package-tgz tar://C:\A\F\NPM\npm-cache\govpack\0.0.1\package.tgz
64 silly lockFile e636076c--npm-cache-govpack-0-0-1-package C:\A\F\NPM\npm-cache\govpack\0.0.1\package
65 verbose lock C:\A\F\NPM\npm-cache\govpack\0.0.1\package C:\A\F\NPM\npm-cache\e636076c--npm-cache-govpack-0-0-1-package.lock
66 silly lockFile e636076c--npm-cache-govpack-0-0-1-package C:\A\F\NPM\npm-cache\govpack\0.0.1\package
67 silly lockFile e636076c--npm-cache-govpack-0-0-1-package C:\A\F\NPM\npm-cache\govpack\0.0.1\package
68 verbose tar unpack C:\A\F\NPM\npm-cache\govpack\0.0.1\package.tgz
69 silly lockFile 1e2aa3bc--npm-cache-govpack-0-0-1-package tar://C:\A\F\NPM\npm-cache\govpack\0.0.1\package
70 verbose lock tar://C:\A\F\NPM\npm-cache\govpack\0.0.1\package C:\A\F\NPM\npm-cache\1e2aa3bc--npm-cache-govpack-0-0-1-package.lock
71 silly lockFile 63b0475e--cache-govpack-0-0-1-package-tgz tar://C:\A\F\NPM\npm-cache\govpack\0.0.1\package.tgz
72 verbose lock tar://C:\A\F\NPM\npm-cache\govpack\0.0.1\package.tgz C:\A\F\NPM\npm-cache\63b0475e--cache-govpack-0-0-1-package-tgz.lock
73 silly gunzTarPerm modes [ '755', '644' ]
74 silly gunzTarPerm extractEntry package.json
75 silly gunzTarPerm modified mode [ 'package.json', 438, 420 ]
76 silly gunzTarPerm extractEntry .npmignore
77 silly gunzTarPerm modified mode [ '.npmignore', 438, 420 ]
78 silly gunzTarPerm extractEntry 0.js
79 silly gunzTarPerm modified mode [ '0.js', 438, 420 ]
80 silly gunzTarPerm extractEntry 1.js
81 silly gunzTarPerm modified mode [ '1.js', 438, 420 ]
82 silly gunzTarPerm extractEntry 2.js
83 silly gunzTarPerm modified mode [ '2.js', 438, 420 ]
84 silly gunzTarPerm extractEntry index.js
85 silly gunzTarPerm modified mode [ 'index.js', 438, 420 ]
86 silly gunzTarPerm extractEntry 0.txt
87 silly gunzTarPerm modified mode [ '0.txt', 438, 420 ]
88 silly gunzTarPerm extractEntry a.htm
89 silly gunzTarPerm modified mode [ 'a.htm', 438, 420 ]
90 silly gunzTarPerm extractEntry b.ico
91 silly gunzTarPerm modified mode [ 'b.ico', 438, 420 ]
92 silly gunzTarPerm extractEntry readme.md
93 silly gunzTarPerm modified mode [ 'readme.md', 438, 420 ]
94 silly lockFile 1e2aa3bc--npm-cache-govpack-0-0-1-package tar://C:\A\F\NPM\npm-cache\govpack\0.0.1\package
95 silly lockFile 1e2aa3bc--npm-cache-govpack-0-0-1-package tar://C:\A\F\NPM\npm-cache\govpack\0.0.1\package
96 silly lockFile 63b0475e--cache-govpack-0-0-1-package-tgz tar://C:\A\F\NPM\npm-cache\govpack\0.0.1\package.tgz
97 silly lockFile 63b0475e--cache-govpack-0-0-1-package-tgz tar://C:\A\F\NPM\npm-cache\govpack\0.0.1\package.tgz
98 verbose chmod C:\A\F\NPM\npm-cache\govpack\0.0.1\package.tgz 644
99 silly chown skipping for windows C:\A\F\NPM\npm-cache\govpack\0.0.1\package.tgz
100 silly lockFile 8c20930f-C-A-B-2-9-Ax-20 C:\A\B\2\9\Ax\20\
101 silly lockFile 8c20930f-C-A-B-2-9-Ax-20 C:\A\B\2\9\Ax\20\
102 silly publish { name: 'govpack',
102 silly publish   version: '0.0.1',
102 silly publish   description: 'fetch, filter, CKAN (OpenData CSV resources) as JSONP for use in a sinhgle pahe html apps',
102 silly publish   main: 'index.js',
102 silly publish   bin: { govpack: 'index.js' },
102 silly publish   scripts: { test: '{fetch:0}' },
102 silly publish   repository: { type: 'git', url: 'https://github.com/govpack/govpack' },
102 silly publish   keywords: [ 'CKAN', 'govhack', 'opendata', 'csv', 'nodejs' ],
102 silly publish   author: { name: 'govpack@gmail.com' },
102 silly publish   license: 'BSD',
102 silly publish   bugs: { url: 'https://github.com/govpack/govpack/issues' },
102 silly publish   homepage: 'https://github.com/govpack/govpack',
102 silly publish   readme: '\'\'\'govpack\r\n\r\nCLI Usage:\r\ngovpack {fetch:0}\r\ngovpack {filter:0}\r\n\r\nOR from your node code: \r\nvar GP=require(\'govpack\');\r\nGP({filter:1,format:\'XLS\'},function(){console.log(\'Done!!\')})\r\n\r\nAs an option you may wish to set the filetype for the filter step \r\nto filter on someother resource type {format:\'XXX\'} like:\r\n\r\n    txt|xlsx|jpg|json|html|png|pdf|xls|cvs|gif|xml|\r\n    rdf|hdf5|kml|pptx|docx|doc|odp|dat|jar|zip|shp|etc\r\n\r\nwould all be okay format:\'XYZ\' (case insensitive) values to try \r\nbut by far CSV is the most popular default.\r\n\r\nfrom the command line:\r\nnode.ex index.js {filter:1,format:\'XLS\'}\r\n\r\nThe dataset catalog endpoints we are fetching from {fetch:0|1|2} etc\r\nare in, and can be added to, in the source code:\r\n\r\nCK[0]={url:\'http://demo.ckan.org/api/3/action/\'}\r\nCK[1]={url:\'https://data.qld.gov.au/api/3/action/\'}\r\nCK[2]={url:\'https://data.gov.au/api/3/action/\'}\r\nCK[99]={url:\'https://some_CKAN_action_endpoint/\'}\r\n\r\n\'\'\'TODO\r\nIn the works is a govpack {get:0|1|2} function \r\nthat will download the filtered files from online.\r\n\r\n',
102 silly publish   readmeFilename: 'readme.md',
102 silly publish   _id: 'govpack@0.0.1',
102 silly publish   dist: { shasum: 'bfbc47e0ea97329b7ca38f3888ad3b2a485f3978' },
102 silly publish   _from: 'C:\\A\\B\\2\\9\\Ax\\20\\' }
103 verbose url raw govpack
104 verbose url resolving [ 'https://registry.npmjs.org/', './govpack' ]
105 verbose url resolved https://registry.npmjs.org/govpack
106 info trying registry request attempt 1 at 17:39:08
107 http PUT https://registry.npmjs.org/govpack
108 http 403 https://registry.npmjs.org/govpack
109 error publish Failed PUT 403
110 error Error: forbidden cannot modify pre-existing version: 0.0.1
110 error old={"name":"govpack","version":"0.0.1","description":"fetch, filter, CKAN (OpenData CSV resources) as JSONP for use in a sinhgle pahe html apps","main":"index.js","scripts":{"test":"{fetch:0}"},"repository":{"type":"git","url":"https://github.com/govpack/govpack"},"keywords":["CKAN","govhack","opendata","csv","nodejs"],"author":{"name":"govpack@gmail.com"},"license":"BSD","bugs":{"url":"https://github.com/govpack/govpack/issues"},"homepage":"https://github.com/govpack/govpack","_id":"govpack@0.0.1","dist":{"shasum":"1065d87eecff3c256823bb429dbfd58cffce6d2f","tarball":"http://registry.npmjs.org/govpack/-/govpack-0.0.1.tgz"},"_from":"C:\\A\\B\\2\\9\\Ax\\20\\","_npmVersion":"1.4.3","_npmUser":{"name":"govpack","email":"govpack@gmail.com"},"maintainers":[{"name":"govpack","email":"govpack@gmail.com"}]}
110 error new={"name":"govpack","version":"0.0.1","description":"fetch, filter, CKAN (OpenData CSV resources) as JSONP for use in a sinhgle pahe html apps","main":"index.js","bin":{"govpack":"index.js"},"scripts":{"test":"{fetch:0}"},"repository":{"type":"git","url":"https://github.com/govpack/govpack"},"keywords":["CKAN","govhack","opendata","csv","nodejs"],"author":{"name":"govpack@gmail.com"},"license":"BSD","bugs":{"url":"https://github.com/govpack/govpack/issues"},"homepage":"https://github.com/govpack/govpack","readme":"'''govpack\u000d\u000a\u000d\u000aCLI Usage:\u000d\u000agovpack {fetch:0}\u000d\u000agovpack {filter:0}\u000d\u000a\u000d\u000aOR from your node code: \u000d\u000avar GP=require('govpack');\u000d\u000aGP({filter:1,format:'XLS'},function(){console.log('Done!!')})\u000d\u000a\u000d\u000aAs an option you may wish to set the filetype for the filter step \u000d\u000ato filter on someother resource type {format:'XXX'} like:\u000d\u000a\u000d\u000a    txt|xlsx|jpg|json|html|png|pdf|xls|cvs|gif|xml|\u000d\u000a    rdf|hdf5|kml|pptx|docx|doc|odp|dat|jar|zip|shp|etc\u000d\u000a\u000d\u000awould all be okay format:'XYZ' (case insensitive) values to try \u000d\u000abut by far CSV is the most popular default.\u000d\u000a\u000d\u000afrom the command line:\u000d\u000anode.ex index.js {filter:1,format:'XLS'}\u000d\u000a\u000d\u000aThe dataset catalog endpoints we are fetching from {fetch:0|1|2} etc\u000d\u000aare in, and can be added to, in the source code:\u000d\u000a\u000d\u000aCK[0]={url:'http://demo.ckan.org/api/3/action/'}\u000d\u000aCK[1]={url:'https://data.qld.gov.au/api/3/action/'}\u000d\u000aCK[2]={url:'https://data.gov.au/api/3/action/'}\u000d\u000aCK[99]={url:'https://some_CKAN_action_endpoint/'}\u000d\u000a\u000d\u000a'''TODO\u000d\u000aIn the works is a govpack {get:0|1|2} function \u000d\u000athat will download the filtered files from online.\u000d\u000a\u000d\u000a","readmeFilename":"readme.md","_id":"govpack@0.0.1","dist":{"shasum":"bfbc47e0ea97329b7ca38f3888ad3b2a485f3978","tarball":"http://registry.npmjs.org/govpack/-/govpack-0.0.1.tgz"},"_from":"C:\\A\\B\\2\\9\\Ax\\20\\","_npmVersion":"1.4.3","_npmUser":{"name":"govpack","email":"govpack@gmail.com"},"maintainers":[{"name":"govpack","email":"govpack@gmail.com"}]}: govpack
110 error     at RegClient.<anonymous> (C:\A\N\node_modules\npm\node_modules\npm-registry-client\lib\request.js:237:14)
110 error     at Request.self.callback (C:\A\N\node_modules\npm\node_modules\request\request.js:123:22)
110 error     at Request.emit (events.js:98:17)
110 error     at Request.<anonymous> (C:\A\N\node_modules\npm\node_modules\request\request.js:893:14)
110 error     at Request.emit (events.js:117:20)
110 error     at IncomingMessage.<anonymous> (C:\A\N\node_modules\npm\node_modules\request\request.js:844:12)
110 error     at IncomingMessage.emit (events.js:117:20)
110 error     at _stream_readable.js:929:16
110 error     at process._tickCallback (node.js:419:13)
111 error If you need help, you may report this *entire* log,
111 error including the npm and node versions, at:
111 error     <http://github.com/npm/npm/issues>
112 error System Windows_NT 6.2.9200
113 error command "C:/A/N/node.exe" "C:\\A\\node_modules\\npm\\bin\\npm-cli.js" "-i" "publish" "C:\\A\\B\\2\\9\\Ax\\20\\"
114 error cwd C:\A\B\2\9\Ax\20
115 error node -v v0.10.29
116 error npm -v 1.4.3
117 verbose exit [ 1, true ]
